CRITICAL - 2022-10-10 15:53:57 --> Undefined variable $tampilRsvp
in APPPATH\Views\rsvp.php on line 115.
 1 APPPATH\Views\rsvp.php(115): CodeIgniter\Debug\Exceptions->errorHandler(2, 'Undefined variable $tampilRsvp', 'APPPATH\\Views\\rsvp.php', 115)
 2 SYSTEMPATH\View\View.php(213): include('APPPATH\\Views\\rsvp.php')
 3 SYSTEMPATH\View\View.php(216): CodeIgniter\View\View->CodeIgniter\View\{closure}()
 4 SYSTEMPATH\Common.php(1137): CodeIgniter\View\View->render('rsvp', [], true)
 5 APPPATH\Controllers\Note.php(23): view('rsvp', [...])
 6 SYSTEMPATH\CodeIgniter.php(904): App\Controllers\Note->index()
 7 SYSTEMPATH\CodeIgniter.php(457): CodeIgniter\CodeIgniter->runController(Object(App\Controllers\Note))
 8 SYSTEMPATH\CodeIgniter.php(340): CodeIgniter\CodeIgniter->handleRequest(null, Object(Config\Cache), false)
 9 FCPATH\index.php(67): CodeIgniter\CodeIgniter->run()
10 SYSTEMPATH\Commands\Server\rewrite.php(43): require_once('FCPATH\\index.php')
CRITICAL - 2022-10-10 15:54:45 --> Undefined variable $tampilRsvp
in APPPATH\Views\rsvp.php on line 115.
 1 APPPATH\Views\rsvp.php(115): CodeIgniter\Debug\Exceptions->errorHandler(2, 'Undefined variable $tampilRsvp', 'APPPATH\\Views\\rsvp.php', 115)
 2 SYSTEMPATH\View\View.php(213): include('APPPATH\\Views\\rsvp.php')
 3 SYSTEMPATH\View\View.php(216): CodeIgniter\View\View->CodeIgniter\View\{closure}()
 4 SYSTEMPATH\Common.php(1137): CodeIgniter\View\View->render('rsvp', [], true)
 5 APPPATH\Controllers\Note.php(23): view('rsvp', [...])
 6 SYSTEMPATH\CodeIgniter.php(904): App\Controllers\Note->index()
 7 SYSTEMPATH\CodeIgniter.php(457): CodeIgniter\CodeIgniter->runController(Object(App\Controllers\Note))
 8 SYSTEMPATH\CodeIgniter.php(340): CodeIgniter\CodeIgniter->handleRequest(null, Object(Config\Cache), false)
 9 FCPATH\index.php(67): CodeIgniter\CodeIgniter->run()
10 SYSTEMPATH\Commands\Server\rewrite.php(43): require_once('FCPATH\\index.php')
CRITICAL - 2022-10-10 15:54:46 --> Undefined variable $tampilRsvp
in APPPATH\Views\rsvp.php on line 115.
 1 APPPATH\Views\rsvp.php(115): CodeIgniter\Debug\Exceptions->errorHandler(2, 'Undefined variable $tampilRsvp', 'APPPATH\\Views\\rsvp.php', 115)
 2 SYSTEMPATH\View\View.php(213): include('APPPATH\\Views\\rsvp.php')
 3 SYSTEMPATH\View\View.php(216): CodeIgniter\View\View->CodeIgniter\View\{closure}()
 4 SYSTEMPATH\Common.php(1137): CodeIgniter\View\View->render('rsvp', [], true)
 5 APPPATH\Controllers\Note.php(23): view('rsvp', [...])
 6 SYSTEMPATH\CodeIgniter.php(904): App\Controllers\Note->index()
 7 SYSTEMPATH\CodeIgniter.php(457): CodeIgniter\CodeIgniter->runController(Object(App\Controllers\Note))
 8 SYSTEMPATH\CodeIgniter.php(340): CodeIgniter\CodeIgniter->handleRequest(null, Object(Config\Cache), false)
 9 FCPATH\index.php(67): CodeIgniter\CodeIgniter->run()
10 SYSTEMPATH\Commands\Server\rewrite.php(43): require_once('FCPATH\\index.php')
CRITICAL - 2022-10-10 15:54:46 --> Undefined variable $tampilRsvp
in APPPATH\Views\rsvp.php on line 115.
 1 APPPATH\Views\rsvp.php(115): CodeIgniter\Debug\Exceptions->errorHandler(2, 'Undefined variable $tampilRsvp', 'APPPATH\\Views\\rsvp.php', 115)
 2 SYSTEMPATH\View\View.php(213): include('APPPATH\\Views\\rsvp.php')
 3 SYSTEMPATH\View\View.php(216): CodeIgniter\View\View->CodeIgniter\View\{closure}()
 4 SYSTEMPATH\Common.php(1137): CodeIgniter\View\View->render('rsvp', [], true)
 5 APPPATH\Controllers\Note.php(23): view('rsvp', [...])
 6 SYSTEMPATH\CodeIgniter.php(904): App\Controllers\Note->index()
 7 SYSTEMPATH\CodeIgniter.php(457): CodeIgniter\CodeIgniter->runController(Object(App\Controllers\Note))
 8 SYSTEMPATH\CodeIgniter.php(340): CodeIgniter\CodeIgniter->handleRequest(null, Object(Config\Cache), false)
 9 FCPATH\index.php(67): CodeIgniter\CodeIgniter->run()
10 SYSTEMPATH\Commands\Server\rewrite.php(43): require_once('FCPATH\\index.php')
CRITICAL - 2022-10-10 15:54:54 --> Undefined variable $tampilRsvp
in APPPATH\Views\rsvp.php on line 115.
 1 APPPATH\Views\rsvp.php(115): CodeIgniter\Debug\Exceptions->errorHandler(2, 'Undefined variable $tampilRsvp', 'APPPATH\\Views\\rsvp.php', 115)
 2 SYSTEMPATH\View\View.php(213): include('APPPATH\\Views\\rsvp.php')
 3 SYSTEMPATH\View\View.php(216): CodeIgniter\View\View->CodeIgniter\View\{closure}()
 4 SYSTEMPATH\Common.php(1137): CodeIgniter\View\View->render('rsvp', [], true)
 5 APPPATH\Controllers\Note.php(23): view('rsvp', [...])
 6 SYSTEMPATH\CodeIgniter.php(904): App\Controllers\Note->index()
 7 SYSTEMPATH\CodeIgniter.php(457): CodeIgniter\CodeIgniter->runController(Object(App\Controllers\Note))
 8 SYSTEMPATH\CodeIgniter.php(340): CodeIgniter\CodeIgniter->handleRequest(null, Object(Config\Cache), false)
 9 FCPATH\index.php(67): CodeIgniter\CodeIgniter->run()
10 SYSTEMPATH\Commands\Server\rewrite.php(43): require_once('FCPATH\\index.php')
