CRITICAL - 2022-10-03 05:14:52 --> Class 'App\Models\RsvpModel' not found
in APPPATH/Controllers/Rsvp.php on line 12.
 1 SYSTEMPATH/CodeIgniter.php(866): App\Controllers\Rsvp->__construct()
 2 SYSTEMPATH/CodeIgniter.php(448): CodeIgniter\CodeIgniter->createController()
 3 SYSTEMPATH/CodeIgniter.php(340): CodeIgniter\CodeIgniter->handleRequest(null, Object(Config\Cache), false)
 4 FCPATH/index.php(67): CodeIgniter\CodeIgniter->run()
CRITICAL - 2022-10-03 05:15:06 --> Class 'App\Models\RsvpModel' not found
in APPPATH/Controllers/Rsvp.php on line 12.
 1 SYSTEMPATH/CodeIgniter.php(866): App\Controllers\Rsvp->__construct()
 2 SYSTEMPATH/CodeIgniter.php(448): CodeIgniter\CodeIgniter->createController()
 3 SYSTEMPATH/CodeIgniter.php(340): CodeIgniter\CodeIgniter->handleRequest(null, Object(Config\Cache), false)
 4 FCPATH/index.php(67): CodeIgniter\CodeIgniter->run()
CRITICAL - 2022-10-03 05:15:49 --> Class 'App\Models\RsvpModel' not found
in APPPATH/Controllers/Rsvp.php on line 12.
 1 SYSTEMPATH/CodeIgniter.php(866): App\Controllers\Rsvp->__construct()
 2 SYSTEMPATH/CodeIgniter.php(448): CodeIgniter\CodeIgniter->createController()
 3 SYSTEMPATH/CodeIgniter.php(340): CodeIgniter\CodeIgniter->handleRequest(null, Object(Config\Cache), false)
 4 FCPATH/index.php(67): CodeIgniter\CodeIgniter->run()
ERROR - 2022-10-03 05:17:21 --> mysqli_sql_exception: Table 'zakialaw_igniter.rsvp' doesn't exist in /home/zakialaw/CI4app/system/Database/MySQLi/Connection.php:292
Stack trace:
#0 /home/zakialaw/CI4app/system/Database/MySQLi/Connection.php(292): mysqli->query('SELECT *\nFROM `...', 0)
#1 /home/zakialaw/CI4app/system/Database/BaseConnection.php(693): CodeIgniter\Database\MySQLi\Connection->execute('SELECT *\nFROM `...')
#2 /home/zakialaw/CI4app/system/Database/BaseConnection.php(620): CodeIgniter\Database\BaseConnection->simpleQuery('SELECT *\nFROM `...')
#3 /home/zakialaw/CI4app/system/Database/BaseBuilder.php(1585): CodeIgniter\Database\BaseConnection->query('SELECT *\nFROM `...', Array, false)
#4 /home/zakialaw/CI4app/app/Models/RsvpModel.php(23): CodeIgniter\Database\BaseBuilder->get()
#5 /home/zakialaw/CI4app/app/Controllers/Rsvp.php(21): App\Models\RsvpModel->tampilRsvp()
#6 /home/zakialaw/CI4app/system/CodeIgniter.php(904): App\Controllers\Rsvp->index()
#7 /home/zakialaw/CI4app/system/CodeIgniter.php(457): CodeIgniter\CodeIgniter->runController(Object(App\Controllers\Rsvp))
#8 /home/zakialaw/CI4app/system/CodeIgniter.php(340): CodeIgniter\CodeIgniter->handleRequest(NULL, Object(Config\Cache), false)
#9 /home/zakialaw/zakialawi.my.id/index.php(67): CodeIgniter\CodeIgniter->run()
#10 {main}
CRITICAL - 2022-10-03 05:17:21 --> Call to a member function getResult() on bool
in APPPATH/Controllers/Rsvp.php on line 21.
 1 SYSTEMPATH/CodeIgniter.php(904): App\Controllers\Rsvp->index()
 2 SYSTEMPATH/CodeIgniter.php(457): CodeIgniter\CodeIgniter->runController(Object(App\Controllers\Rsvp))
 3 SYSTEMPATH/CodeIgniter.php(340): CodeIgniter\CodeIgniter->handleRequest(null, Object(Config\Cache), false)
 4 FCPATH/index.php(67): CodeIgniter\CodeIgniter->run()
ERROR - 2022-10-03 05:17:22 --> mysqli_sql_exception: Table 'zakialaw_igniter.rsvp' doesn't exist in /home/zakialaw/CI4app/system/Database/MySQLi/Connection.php:292
Stack trace:
#0 /home/zakialaw/CI4app/system/Database/MySQLi/Connection.php(292): mysqli->query('SELECT *\nFROM `...', 0)
#1 /home/zakialaw/CI4app/system/Database/BaseConnection.php(693): CodeIgniter\Database\MySQLi\Connection->execute('SELECT *\nFROM `...')
#2 /home/zakialaw/CI4app/system/Database/BaseConnection.php(620): CodeIgniter\Database\BaseConnection->simpleQuery('SELECT *\nFROM `...')
#3 /home/zakialaw/CI4app/system/Database/BaseBuilder.php(1585): CodeIgniter\Database\BaseConnection->query('SELECT *\nFROM `...', Array, false)
#4 /home/zakialaw/CI4app/app/Models/RsvpModel.php(23): CodeIgniter\Database\BaseBuilder->get()
#5 /home/zakialaw/CI4app/app/Controllers/Rsvp.php(21): App\Models\RsvpModel->tampilRsvp()
#6 /home/zakialaw/CI4app/system/CodeIgniter.php(904): App\Controllers\Rsvp->index()
#7 /home/zakialaw/CI4app/system/CodeIgniter.php(457): CodeIgniter\CodeIgniter->runController(Object(App\Controllers\Rsvp))
#8 /home/zakialaw/CI4app/system/CodeIgniter.php(340): CodeIgniter\CodeIgniter->handleRequest(NULL, Object(Config\Cache), false)
#9 /home/zakialaw/zakialawi.my.id/index.php(67): CodeIgniter\CodeIgniter->run()
#10 {main}
CRITICAL - 2022-10-03 05:17:22 --> Call to a member function getResult() on bool
in APPPATH/Controllers/Rsvp.php on line 21.
 1 SYSTEMPATH/CodeIgniter.php(904): App\Controllers\Rsvp->index()
 2 SYSTEMPATH/CodeIgniter.php(457): CodeIgniter\CodeIgniter->runController(Object(App\Controllers\Rsvp))
 3 SYSTEMPATH/CodeIgniter.php(340): CodeIgniter\CodeIgniter->handleRequest(null, Object(Config\Cache), false)
 4 FCPATH/index.php(67): CodeIgniter\CodeIgniter->run()
ERROR - 2022-10-03 05:17:27 --> mysqli_sql_exception: Table 'zakialaw_igniter.rsvp' doesn't exist in /home/zakialaw/CI4app/system/Database/MySQLi/Connection.php:292
Stack trace:
#0 /home/zakialaw/CI4app/system/Database/MySQLi/Connection.php(292): mysqli->query('SELECT *\nFROM `...', 0)
#1 /home/zakialaw/CI4app/system/Database/BaseConnection.php(693): CodeIgniter\Database\MySQLi\Connection->execute('SELECT *\nFROM `...')
#2 /home/zakialaw/CI4app/system/Database/BaseConnection.php(620): CodeIgniter\Database\BaseConnection->simpleQuery('SELECT *\nFROM `...')
#3 /home/zakialaw/CI4app/system/Database/BaseBuilder.php(1585): CodeIgniter\Database\BaseConnection->query('SELECT *\nFROM `...', Array, false)
#4 /home/zakialaw/CI4app/app/Models/RsvpModel.php(23): CodeIgniter\Database\BaseBuilder->get()
#5 /home/zakialaw/CI4app/app/Controllers/Rsvp.php(21): App\Models\RsvpModel->tampilRsvp()
#6 /home/zakialaw/CI4app/system/CodeIgniter.php(904): App\Controllers\Rsvp->index()
#7 /home/zakialaw/CI4app/system/CodeIgniter.php(457): CodeIgniter\CodeIgniter->runController(Object(App\Controllers\Rsvp))
#8 /home/zakialaw/CI4app/system/CodeIgniter.php(340): CodeIgniter\CodeIgniter->handleRequest(NULL, Object(Config\Cache), false)
#9 /home/zakialaw/zakialawi.my.id/index.php(67): CodeIgniter\CodeIgniter->run()
#10 {main}
CRITICAL - 2022-10-03 05:17:27 --> Call to a member function getResult() on bool
in APPPATH/Controllers/Rsvp.php on line 21.
 1 SYSTEMPATH/CodeIgniter.php(904): App\Controllers\Rsvp->index()
 2 SYSTEMPATH/CodeIgniter.php(457): CodeIgniter\CodeIgniter->runController(Object(App\Controllers\Rsvp))
 3 SYSTEMPATH/CodeIgniter.php(340): CodeIgniter\CodeIgniter->handleRequest(null, Object(Config\Cache), false)
 4 FCPATH/index.php(67): CodeIgniter\CodeIgniter->run()
ERROR - 2022-10-03 05:19:06 --> mysqli_sql_exception: Table 'zakialaw_igniter.rsvp' doesn't exist in /home/zakialaw/CI4app/system/Database/MySQLi/Connection.php:292
Stack trace:
#0 /home/zakialaw/CI4app/system/Database/MySQLi/Connection.php(292): mysqli->query('SELECT *\nFROM `...', 0)
#1 /home/zakialaw/CI4app/system/Database/BaseConnection.php(693): CodeIgniter\Database\MySQLi\Connection->execute('SELECT *\nFROM `...')
#2 /home/zakialaw/CI4app/system/Database/BaseConnection.php(620): CodeIgniter\Database\BaseConnection->simpleQuery('SELECT *\nFROM `...')
#3 /home/zakialaw/CI4app/system/Database/BaseBuilder.php(1585): CodeIgniter\Database\BaseConnection->query('SELECT *\nFROM `...', Array, false)
#4 /home/zakialaw/CI4app/app/Models/RsvpModel.php(23): CodeIgniter\Database\BaseBuilder->get()
#5 /home/zakialaw/CI4app/app/Controllers/Rsvp.php(21): App\Models\RsvpModel->tampilRsvp()
#6 /home/zakialaw/CI4app/system/CodeIgniter.php(904): App\Controllers\Rsvp->index()
#7 /home/zakialaw/CI4app/system/CodeIgniter.php(457): CodeIgniter\CodeIgniter->runController(Object(App\Controllers\Rsvp))
#8 /home/zakialaw/CI4app/system/CodeIgniter.php(340): CodeIgniter\CodeIgniter->handleRequest(NULL, Object(Config\Cache), false)
#9 /home/zakialaw/zakialawi.my.id/index.php(67): CodeIgniter\CodeIgniter->run()
#10 {main}
CRITICAL - 2022-10-03 05:19:06 --> Call to a member function getResult() on bool
in APPPATH/Controllers/Rsvp.php on line 21.
 1 SYSTEMPATH/CodeIgniter.php(904): App\Controllers\Rsvp->index()
 2 SYSTEMPATH/CodeIgniter.php(457): CodeIgniter\CodeIgniter->runController(Object(App\Controllers\Rsvp))
 3 SYSTEMPATH/CodeIgniter.php(340): CodeIgniter\CodeIgniter->handleRequest(null, Object(Config\Cache), false)
 4 FCPATH/index.php(67): CodeIgniter\CodeIgniter->run()
ERROR - 2022-10-03 05:19:12 --> mysqli_sql_exception: Table 'zakialaw_igniter.rsvp' doesn't exist in /home/zakialaw/CI4app/system/Database/MySQLi/Connection.php:292
Stack trace:
#0 /home/zakialaw/CI4app/system/Database/MySQLi/Connection.php(292): mysqli->query('SELECT *\nFROM `...', 0)
#1 /home/zakialaw/CI4app/system/Database/BaseConnection.php(693): CodeIgniter\Database\MySQLi\Connection->execute('SELECT *\nFROM `...')
#2 /home/zakialaw/CI4app/system/Database/BaseConnection.php(620): CodeIgniter\Database\BaseConnection->simpleQuery('SELECT *\nFROM `...')
#3 /home/zakialaw/CI4app/system/Database/BaseBuilder.php(1585): CodeIgniter\Database\BaseConnection->query('SELECT *\nFROM `...', Array, false)
#4 /home/zakialaw/CI4app/app/Models/RsvpModel.php(23): CodeIgniter\Database\BaseBuilder->get()
#5 /home/zakialaw/CI4app/app/Controllers/Rsvp.php(21): App\Models\RsvpModel->tampilRsvp()
#6 /home/zakialaw/CI4app/system/CodeIgniter.php(904): App\Controllers\Rsvp->index()
#7 /home/zakialaw/CI4app/system/CodeIgniter.php(457): CodeIgniter\CodeIgniter->runController(Object(App\Controllers\Rsvp))
#8 /home/zakialaw/CI4app/system/CodeIgniter.php(340): CodeIgniter\CodeIgniter->handleRequest(NULL, Object(Config\Cache), false)
#9 /home/zakialaw/zakialawi.my.id/index.php(67): CodeIgniter\CodeIgniter->run()
#10 {main}
CRITICAL - 2022-10-03 05:19:12 --> Call to a member function getResult() on bool
in APPPATH/Controllers/Rsvp.php on line 21.
 1 SYSTEMPATH/CodeIgniter.php(904): App\Controllers\Rsvp->index()
 2 SYSTEMPATH/CodeIgniter.php(457): CodeIgniter\CodeIgniter->runController(Object(App\Controllers\Rsvp))
 3 SYSTEMPATH/CodeIgniter.php(340): CodeIgniter\CodeIgniter->handleRequest(null, Object(Config\Cache), false)
 4 FCPATH/index.php(67): CodeIgniter\CodeIgniter->run()
ERROR - 2022-10-03 05:22:01 --> mysqli_sql_exception: Table 'zakialaw_igniter.rsvp' doesn't exist in /home/zakialaw/CI4app/system/Database/MySQLi/Connection.php:292
Stack trace:
#0 /home/zakialaw/CI4app/system/Database/MySQLi/Connection.php(292): mysqli->query('SELECT *\nFROM `...', 0)
#1 /home/zakialaw/CI4app/system/Database/BaseConnection.php(693): CodeIgniter\Database\MySQLi\Connection->execute('SELECT *\nFROM `...')
#2 /home/zakialaw/CI4app/system/Database/BaseConnection.php(620): CodeIgniter\Database\BaseConnection->simpleQuery('SELECT *\nFROM `...')
#3 /home/zakialaw/CI4app/system/Database/BaseBuilder.php(1585): CodeIgniter\Database\BaseConnection->query('SELECT *\nFROM `...', Array, false)
#4 /home/zakialaw/CI4app/app/Models/RsvpModel.php(23): CodeIgniter\Database\BaseBuilder->get()
#5 /home/zakialaw/CI4app/app/Controllers/Rsvp.php(21): App\Models\RsvpModel->tampilRsvp()
#6 /home/zakialaw/CI4app/system/CodeIgniter.php(904): App\Controllers\Rsvp->index()
#7 /home/zakialaw/CI4app/system/CodeIgniter.php(457): CodeIgniter\CodeIgniter->runController(Object(App\Controllers\Rsvp))
#8 /home/zakialaw/CI4app/system/CodeIgniter.php(340): CodeIgniter\CodeIgniter->handleRequest(NULL, Object(Config\Cache), false)
#9 /home/zakialaw/zakialawi.my.id/index.php(67): CodeIgniter\CodeIgniter->run()
#10 {main}
CRITICAL - 2022-10-03 05:22:01 --> Call to a member function getResult() on bool
in APPPATH/Controllers/Rsvp.php on line 21.
 1 SYSTEMPATH/CodeIgniter.php(904): App\Controllers\Rsvp->index()
 2 SYSTEMPATH/CodeIgniter.php(457): CodeIgniter\CodeIgniter->runController(Object(App\Controllers\Rsvp))
 3 SYSTEMPATH/CodeIgniter.php(340): CodeIgniter\CodeIgniter->handleRequest(null, Object(Config\Cache), false)
 4 FCPATH/index.php(67): CodeIgniter\CodeIgniter->run()
ERROR - 2022-10-03 05:23:29 --> mysqli_sql_exception: Table 'zakialaw_igniter.rsvp' doesn't exist in /home/zakialaw/CI4app/system/Database/MySQLi/Connection.php:292
Stack trace:
#0 /home/zakialaw/CI4app/system/Database/MySQLi/Connection.php(292): mysqli->query('SELECT *\nFROM `...', 0)
#1 /home/zakialaw/CI4app/system/Database/BaseConnection.php(693): CodeIgniter\Database\MySQLi\Connection->execute('SELECT *\nFROM `...')
#2 /home/zakialaw/CI4app/system/Database/BaseConnection.php(620): CodeIgniter\Database\BaseConnection->simpleQuery('SELECT *\nFROM `...')
#3 /home/zakialaw/CI4app/system/Database/BaseBuilder.php(1585): CodeIgniter\Database\BaseConnection->query('SELECT *\nFROM `...', Array, false)
#4 /home/zakialaw/CI4app/app/Models/RsvpModel.php(23): CodeIgniter\Database\BaseBuilder->get()
#5 /home/zakialaw/CI4app/app/Controllers/Rsvp.php(21): App\Models\RsvpModel->tampilRsvp()
#6 /home/zakialaw/CI4app/system/CodeIgniter.php(904): App\Controllers\Rsvp->index()
#7 /home/zakialaw/CI4app/system/CodeIgniter.php(457): CodeIgniter\CodeIgniter->runController(Object(App\Controllers\Rsvp))
#8 /home/zakialaw/CI4app/system/CodeIgniter.php(340): CodeIgniter\CodeIgniter->handleRequest(NULL, Object(Config\Cache), false)
#9 /home/zakialaw/zakialawi.my.id/index.php(67): CodeIgniter\CodeIgniter->run()
#10 {main}
CRITICAL - 2022-10-03 05:23:29 --> Call to a member function getResult() on bool
in APPPATH/Controllers/Rsvp.php on line 21.
 1 SYSTEMPATH/CodeIgniter.php(904): App\Controllers\Rsvp->index()
 2 SYSTEMPATH/CodeIgniter.php(457): CodeIgniter\CodeIgniter->runController(Object(App\Controllers\Rsvp))
 3 SYSTEMPATH/CodeIgniter.php(340): CodeIgniter\CodeIgniter->handleRequest(null, Object(Config\Cache), false)
 4 FCPATH/index.php(67): CodeIgniter\CodeIgniter->run()
ERROR - 2022-10-03 05:23:32 --> mysqli_sql_exception: Table 'zakialaw_igniter.rsvp' doesn't exist in /home/zakialaw/CI4app/system/Database/MySQLi/Connection.php:292
Stack trace:
#0 /home/zakialaw/CI4app/system/Database/MySQLi/Connection.php(292): mysqli->query('SELECT *\nFROM `...', 0)
#1 /home/zakialaw/CI4app/system/Database/BaseConnection.php(693): CodeIgniter\Database\MySQLi\Connection->execute('SELECT *\nFROM `...')
#2 /home/zakialaw/CI4app/system/Database/BaseConnection.php(620): CodeIgniter\Database\BaseConnection->simpleQuery('SELECT *\nFROM `...')
#3 /home/zakialaw/CI4app/system/Database/BaseBuilder.php(1585): CodeIgniter\Database\BaseConnection->query('SELECT *\nFROM `...', Array, false)
#4 /home/zakialaw/CI4app/app/Models/RsvpModel.php(23): CodeIgniter\Database\BaseBuilder->get()
#5 /home/zakialaw/CI4app/app/Controllers/Rsvp.php(21): App\Models\RsvpModel->tampilRsvp()
#6 /home/zakialaw/CI4app/system/CodeIgniter.php(904): App\Controllers\Rsvp->index()
#7 /home/zakialaw/CI4app/system/CodeIgniter.php(457): CodeIgniter\CodeIgniter->runController(Object(App\Controllers\Rsvp))
#8 /home/zakialaw/CI4app/system/CodeIgniter.php(340): CodeIgniter\CodeIgniter->handleRequest(NULL, Object(Config\Cache), false)
#9 /home/zakialaw/zakialawi.my.id/index.php(67): CodeIgniter\CodeIgniter->run()
#10 {main}
CRITICAL - 2022-10-03 05:23:32 --> Call to a member function getResult() on bool
in APPPATH/Controllers/Rsvp.php on line 21.
 1 SYSTEMPATH/CodeIgniter.php(904): App\Controllers\Rsvp->index()
 2 SYSTEMPATH/CodeIgniter.php(457): CodeIgniter\CodeIgniter->runController(Object(App\Controllers\Rsvp))
 3 SYSTEMPATH/CodeIgniter.php(340): CodeIgniter\CodeIgniter->handleRequest(null, Object(Config\Cache), false)
 4 FCPATH/index.php(67): CodeIgniter\CodeIgniter->run()
ERROR - 2022-10-03 05:24:44 --> mysqli_sql_exception: Table 'zakialaw_igniter.rsvp' doesn't exist in /home/zakialaw/CI4app/system/Database/MySQLi/Connection.php:292
Stack trace:
#0 /home/zakialaw/CI4app/system/Database/MySQLi/Connection.php(292): mysqli->query('SELECT *\nFROM `...', 0)
#1 /home/zakialaw/CI4app/system/Database/BaseConnection.php(693): CodeIgniter\Database\MySQLi\Connection->execute('SELECT *\nFROM `...')
#2 /home/zakialaw/CI4app/system/Database/BaseConnection.php(620): CodeIgniter\Database\BaseConnection->simpleQuery('SELECT *\nFROM `...')
#3 /home/zakialaw/CI4app/system/Database/BaseBuilder.php(1585): CodeIgniter\Database\BaseConnection->query('SELECT *\nFROM `...', Array, false)
#4 /home/zakialaw/CI4app/app/Models/RsvpModel.php(23): CodeIgniter\Database\BaseBuilder->get()
#5 /home/zakialaw/CI4app/app/Controllers/Rsvp.php(21): App\Models\RsvpModel->tampilRsvp()
#6 /home/zakialaw/CI4app/system/CodeIgniter.php(904): App\Controllers\Rsvp->index()
#7 /home/zakialaw/CI4app/system/CodeIgniter.php(457): CodeIgniter\CodeIgniter->runController(Object(App\Controllers\Rsvp))
#8 /home/zakialaw/CI4app/system/CodeIgniter.php(340): CodeIgniter\CodeIgniter->handleRequest(NULL, Object(Config\Cache), false)
#9 /home/zakialaw/zakialawi.my.id/index.php(67): CodeIgniter\CodeIgniter->run()
#10 {main}
CRITICAL - 2022-10-03 05:24:44 --> Call to a member function getResult() on bool
in APPPATH/Controllers/Rsvp.php on line 21.
 1 SYSTEMPATH/CodeIgniter.php(904): App\Controllers\Rsvp->index()
 2 SYSTEMPATH/CodeIgniter.php(457): CodeIgniter\CodeIgniter->runController(Object(App\Controllers\Rsvp))
 3 SYSTEMPATH/CodeIgniter.php(340): CodeIgniter\CodeIgniter->handleRequest(null, Object(Config\Cache), false)
 4 FCPATH/index.php(67): CodeIgniter\CodeIgniter->run()
ERROR - 2022-10-03 05:58:03 --> mysqli_sql_exception: Table 'zakialaw_igniter.rsvp' doesn't exist in /home/zakialaw/CI4app/system/Database/MySQLi/Connection.php:292
Stack trace:
#0 /home/zakialaw/CI4app/system/Database/MySQLi/Connection.php(292): mysqli->query('SELECT *\nFROM `...', 0)
#1 /home/zakialaw/CI4app/system/Database/BaseConnection.php(693): CodeIgniter\Database\MySQLi\Connection->execute('SELECT *\nFROM `...')
#2 /home/zakialaw/CI4app/system/Database/BaseConnection.php(620): CodeIgniter\Database\BaseConnection->simpleQuery('SELECT *\nFROM `...')
#3 /home/zakialaw/CI4app/system/Database/BaseBuilder.php(1585): CodeIgniter\Database\BaseConnection->query('SELECT *\nFROM `...', Array, false)
#4 /home/zakialaw/CI4app/app/Models/RsvpModel.php(23): CodeIgniter\Database\BaseBuilder->get()
#5 /home/zakialaw/CI4app/app/Controllers/Rsvp.php(21): App\Models\RsvpModel->tampilRsvp()
#6 /home/zakialaw/CI4app/system/CodeIgniter.php(904): App\Controllers\Rsvp->index()
#7 /home/zakialaw/CI4app/system/CodeIgniter.php(457): CodeIgniter\CodeIgniter->runController(Object(App\Controllers\Rsvp))
#8 /home/zakialaw/CI4app/system/CodeIgniter.php(340): CodeIgniter\CodeIgniter->handleRequest(NULL, Object(Config\Cache), false)
#9 /home/zakialaw/zakialawi.my.id/index.php(67): CodeIgniter\CodeIgniter->run()
#10 {main}
CRITICAL - 2022-10-03 05:58:03 --> Call to a member function getResult() on bool
in APPPATH/Controllers/Rsvp.php on line 21.
 1 SYSTEMPATH/CodeIgniter.php(904): App\Controllers\Rsvp->index()
 2 SYSTEMPATH/CodeIgniter.php(457): CodeIgniter\CodeIgniter->runController(Object(App\Controllers\Rsvp))
 3 SYSTEMPATH/CodeIgniter.php(340): CodeIgniter\CodeIgniter->handleRequest(null, Object(Config\Cache), false)
 4 FCPATH/index.php(67): CodeIgniter\CodeIgniter->run()
ERROR - 2022-10-03 05:58:06 --> mysqli_sql_exception: Table 'zakialaw_igniter.rsvp' doesn't exist in /home/zakialaw/CI4app/system/Database/MySQLi/Connection.php:292
Stack trace:
#0 /home/zakialaw/CI4app/system/Database/MySQLi/Connection.php(292): mysqli->query('SELECT *\nFROM `...', 0)
#1 /home/zakialaw/CI4app/system/Database/BaseConnection.php(693): CodeIgniter\Database\MySQLi\Connection->execute('SELECT *\nFROM `...')
#2 /home/zakialaw/CI4app/system/Database/BaseConnection.php(620): CodeIgniter\Database\BaseConnection->simpleQuery('SELECT *\nFROM `...')
#3 /home/zakialaw/CI4app/system/Database/BaseBuilder.php(1585): CodeIgniter\Database\BaseConnection->query('SELECT *\nFROM `...', Array, false)
#4 /home/zakialaw/CI4app/app/Models/RsvpModel.php(23): CodeIgniter\Database\BaseBuilder->get()
#5 /home/zakialaw/CI4app/app/Controllers/Rsvp.php(21): App\Models\RsvpModel->tampilRsvp()
#6 /home/zakialaw/CI4app/system/CodeIgniter.php(904): App\Controllers\Rsvp->index()
#7 /home/zakialaw/CI4app/system/CodeIgniter.php(457): CodeIgniter\CodeIgniter->runController(Object(App\Controllers\Rsvp))
#8 /home/zakialaw/CI4app/system/CodeIgniter.php(340): CodeIgniter\CodeIgniter->handleRequest(NULL, Object(Config\Cache), false)
#9 /home/zakialaw/zakialawi.my.id/index.php(67): CodeIgniter\CodeIgniter->run()
#10 {main}
CRITICAL - 2022-10-03 05:58:06 --> Call to a member function getResult() on bool
in APPPATH/Controllers/Rsvp.php on line 21.
 1 SYSTEMPATH/CodeIgniter.php(904): App\Controllers\Rsvp->index()
 2 SYSTEMPATH/CodeIgniter.php(457): CodeIgniter\CodeIgniter->runController(Object(App\Controllers\Rsvp))
 3 SYSTEMPATH/CodeIgniter.php(340): CodeIgniter\CodeIgniter->handleRequest(null, Object(Config\Cache), false)
 4 FCPATH/index.php(67): CodeIgniter\CodeIgniter->run()
CRITICAL - 2022-10-03 08:23:16 --> Call to undefined function App\Controllers\now()
in APPPATH/Controllers/Rsvp.php on line 36.
 1 SYSTEMPATH/CodeIgniter.php(904): App\Controllers\Rsvp->send_konfirmasi()
 2 SYSTEMPATH/CodeIgniter.php(457): CodeIgniter\CodeIgniter->runController(Object(App\Controllers\Rsvp))
 3 SYSTEMPATH/CodeIgniter.php(340): CodeIgniter\CodeIgniter->handleRequest(null, Object(Config\Cache), false)
 4 FCPATH/index.php(67): CodeIgniter\CodeIgniter->run()
CRITICAL - 2022-10-03 08:23:38 --> Call to undefined function App\Controllers\now()
in APPPATH/Controllers/Rsvp.php on line 36.
 1 SYSTEMPATH/CodeIgniter.php(904): App\Controllers\Rsvp->send_konfirmasi()
 2 SYSTEMPATH/CodeIgniter.php(457): CodeIgniter\CodeIgniter->runController(Object(App\Controllers\Rsvp))
 3 SYSTEMPATH/CodeIgniter.php(340): CodeIgniter\CodeIgniter->handleRequest(null, Object(Config\Cache), false)
 4 FCPATH/index.php(67): CodeIgniter\CodeIgniter->run()
CRITICAL - 2022-10-03 08:23:55 --> Call to undefined function App\Controllers\now()
in APPPATH/Controllers/Rsvp.php on line 36.
 1 SYSTEMPATH/CodeIgniter.php(904): App\Controllers\Rsvp->send_konfirmasi()
 2 SYSTEMPATH/CodeIgniter.php(457): CodeIgniter\CodeIgniter->runController(Object(App\Controllers\Rsvp))
 3 SYSTEMPATH/CodeIgniter.php(340): CodeIgniter\CodeIgniter->handleRequest(null, Object(Config\Cache), false)
 4 FCPATH/index.php(67): CodeIgniter\CodeIgniter->run()
