ERROR - 2022-10-15 16:52:42 --> Error connecting to the database: mysqli_sql_exception: No connection could be made because the target machine actively refused it in F:\WEB\XAMPP\htdocs\Personal-Web-CI4\system\Database\MySQLi\Connection.php:171
Stack trace:
#0 F:\WEB\XAMPP\htdocs\Personal-Web-CI4\system\Database\MySQLi\Connection.php(171): mysqli->real_connect('localhost', 'root', '', 'CI', 3306, '', 0)
#1 F:\WEB\XAMPP\htdocs\Personal-Web-CI4\system\Database\BaseConnection.php(382): CodeIgniter\Database\MySQLi\Connection->connect(false)
#2 F:\WEB\XAMPP\htdocs\Personal-Web-CI4\system\Database\BaseConnection.php(588): CodeIgniter\Database\BaseConnection->initialize()
#3 F:\WEB\XAMPP\htdocs\Personal-Web-CI4\system\Database\BaseBuilder.php(1585): CodeIgniter\Database\BaseConnection->query('SELECT *\nFROM `...', Array, false)
#4 F:\WEB\XAMPP\htdocs\Personal-Web-CI4\app\Models\NoteModel.php(25): CodeIgniter\Database\BaseBuilder->get()
#5 F:\WEB\XAMPP\htdocs\Personal-Web-CI4\app\Controllers\Note.php(24): App\Models\NoteModel->callNote()
#6 F:\WEB\XAMPP\htdocs\Personal-Web-CI4\system\CodeIgniter.php(904): App\Controllers\Note->index()
#7 F:\WEB\XAMPP\htdocs\Personal-Web-CI4\system\CodeIgniter.php(457): CodeIgniter\CodeIgniter->runController(Object(App\Controllers\Note))
#8 F:\WEB\XAMPP\htdocs\Personal-Web-CI4\system\CodeIgniter.php(340): CodeIgniter\CodeIgniter->handleRequest(NULL, Object(Config\Cache), false)
#9 F:\WEB\XAMPP\htdocs\Personal-Web-CI4\public\index.php(67): CodeIgniter\CodeIgniter->run()
#10 F:\WEB\XAMPP\htdocs\Personal-Web-CI4\system\Commands\Server\rewrite.php(43): require_once('F:\\WEB\\XAMPP\\ht...')
#11 {main}

Next CodeIgniter\Database\Exceptions\DatabaseException: No connection could be made because the target machine actively refused it in F:\WEB\XAMPP\htdocs\Personal-Web-CI4\system\Database\MySQLi\Connection.php:215
Stack trace:
#0 F:\WEB\XAMPP\htdocs\Personal-Web-CI4\system\Database\BaseConnection.php(382): CodeIgniter\Database\MySQLi\Connection->connect(false)
#1 F:\WEB\XAMPP\htdocs\Personal-Web-CI4\system\Database\BaseConnection.php(588): CodeIgniter\Database\BaseConnection->initialize()
#2 F:\WEB\XAMPP\htdocs\Personal-Web-CI4\system\Database\BaseBuilder.php(1585): CodeIgniter\Database\BaseConnection->query('SELECT *\nFROM `...', Array, false)
#3 F:\WEB\XAMPP\htdocs\Personal-Web-CI4\app\Models\NoteModel.php(25): CodeIgniter\Database\BaseBuilder->get()
#4 F:\WEB\XAMPP\htdocs\Personal-Web-CI4\app\Controllers\Note.php(24): App\Models\NoteModel->callNote()
#5 F:\WEB\XAMPP\htdocs\Personal-Web-CI4\system\CodeIgniter.php(904): App\Controllers\Note->index()
#6 F:\WEB\XAMPP\htdocs\Personal-Web-CI4\system\CodeIgniter.php(457): CodeIgniter\CodeIgniter->runController(Object(App\Controllers\Note))
#7 F:\WEB\XAMPP\htdocs\Personal-Web-CI4\system\CodeIgniter.php(340): CodeIgniter\CodeIgniter->handleRequest(NULL, Object(Config\Cache), false)
#8 F:\WEB\XAMPP\htdocs\Personal-Web-CI4\public\index.php(67): CodeIgniter\CodeIgniter->run()
#9 F:\WEB\XAMPP\htdocs\Personal-Web-CI4\system\Commands\Server\rewrite.php(43): require_once('F:\\WEB\\XAMPP\\ht...')
#10 {main}
CRITICAL - 2022-10-15 16:52:42 --> Unable to connect to the database.
Main connection [MySQLi]: No connection could be made because the target machine actively refused it
in SYSTEMPATH\Database\BaseConnection.php on line 418.
 1 SYSTEMPATH\Database\BaseConnection.php(588): CodeIgniter\Database\BaseConnection->initialize()
 2 SYSTEMPATH\Database\BaseBuilder.php(1585): CodeIgniter\Database\BaseConnection->query('SELECT *
FROM `notes`', [], false)
 3 APPPATH\Models\NoteModel.php(25): CodeIgniter\Database\BaseBuilder->get()
 4 APPPATH\Controllers\Note.php(24): App\Models\NoteModel->callNote()
 5 SYSTEMPATH\CodeIgniter.php(904): App\Controllers\Note->index()
 6 SYSTEMPATH\CodeIgniter.php(457): CodeIgniter\CodeIgniter->runController(Object(App\Controllers\Note))
 7 SYSTEMPATH\CodeIgniter.php(340): CodeIgniter\CodeIgniter->handleRequest(null, Object(Config\Cache), false)
 8 FCPATH\index.php(67): CodeIgniter\CodeIgniter->run()
 9 SYSTEMPATH\Commands\Server\rewrite.php(43): require_once('FCPATH\\index.php')
ERROR - 2022-10-15 21:07:04 --> mysqli_sql_exception: Column 'isi_note' cannot be null in F:\WEB\XAMPP\htdocs\Personal-Web-CI4\system\Database\MySQLi\Connection.php:292
Stack trace:
#0 F:\WEB\XAMPP\htdocs\Personal-Web-CI4\system\Database\MySQLi\Connection.php(292): mysqli->query('INSERT INTO `no...', 0)
#1 F:\WEB\XAMPP\htdocs\Personal-Web-CI4\system\Database\BaseConnection.php(693): CodeIgniter\Database\MySQLi\Connection->execute('INSERT INTO `no...')
#2 F:\WEB\XAMPP\htdocs\Personal-Web-CI4\system\Database\BaseConnection.php(620): CodeIgniter\Database\BaseConnection->simpleQuery('INSERT INTO `no...')
#3 F:\WEB\XAMPP\htdocs\Personal-Web-CI4\system\Database\BaseBuilder.php(1916): CodeIgniter\Database\BaseConnection->query('INSERT INTO `no...', Array, false)
#4 F:\WEB\XAMPP\htdocs\Personal-Web-CI4\app\Models\NoteModel.php(33): CodeIgniter\Database\BaseBuilder->insert(Array)
#5 F:\WEB\XAMPP\htdocs\Personal-Web-CI4\app\Controllers\Note.php(66): App\Models\NoteModel->addNote(Array)
#6 F:\WEB\XAMPP\htdocs\Personal-Web-CI4\system\CodeIgniter.php(904): App\Controllers\Note->addNote()
#7 F:\WEB\XAMPP\htdocs\Personal-Web-CI4\system\CodeIgniter.php(457): CodeIgniter\CodeIgniter->runController(Object(App\Controllers\Note))
#8 F:\WEB\XAMPP\htdocs\Personal-Web-CI4\system\CodeIgniter.php(340): CodeIgniter\CodeIgniter->handleRequest(NULL, Object(Config\Cache), false)
#9 F:\WEB\XAMPP\htdocs\Personal-Web-CI4\public\index.php(67): CodeIgniter\CodeIgniter->run()
#10 F:\WEB\XAMPP\htdocs\Personal-Web-CI4\system\Commands\Server\rewrite.php(43): require_once('F:\\WEB\\XAMPP\\ht...')
#11 {main}
CRITICAL - 2022-10-15 21:07:04 --> Column 'isi_note' cannot be null
in SYSTEMPATH\Database\MySQLi\Connection.php on line 292.
 1 SYSTEMPATH\Database\MySQLi\Connection.php(292): mysqli->query('INSERT INTO `notes` (`judul_note`, `isi_note`, `created_at`) VALUES (\'ger\', NULL, \'2022-10-15 21:07:03\')', 0)
 2 SYSTEMPATH\Database\BaseConnection.php(693): CodeIgniter\Database\MySQLi\Connection->execute('INSERT INTO `notes` (`judul_note`, `isi_note`, `created_at`) VALUES (\'ger\', NULL, \'2022-10-15 21:07:03\')')
 3 SYSTEMPATH\Database\BaseConnection.php(620): CodeIgniter\Database\BaseConnection->simpleQuery('INSERT INTO `notes` (`judul_note`, `isi_note`, `created_at`) VALUES (\'ger\', NULL, \'2022-10-15 21:07:03\')')
 4 SYSTEMPATH\Database\BaseBuilder.php(1916): CodeIgniter\Database\BaseConnection->query('INSERT INTO `notes` (`judul_note`, `isi_note`, `created_at`) VALUES (:judul_note:, :isi_note:, :created_at:)', [...], false)
 5 APPPATH\Models\NoteModel.php(33): CodeIgniter\Database\BaseBuilder->insert([...])
 6 APPPATH\Controllers\Note.php(66): App\Models\NoteModel->addNote([...])
 7 SYSTEMPATH\CodeIgniter.php(904): App\Controllers\Note->addNote()
 8 SYSTEMPATH\CodeIgniter.php(457): CodeIgniter\CodeIgniter->runController(Object(App\Controllers\Note))
 9 SYSTEMPATH\CodeIgniter.php(340): CodeIgniter\CodeIgniter->handleRequest(null, Object(Config\Cache), false)
10 FCPATH\index.php(67): CodeIgniter\CodeIgniter->run()
11 SYSTEMPATH\Commands\Server\rewrite.php(43): require_once('FCPATH\\index.php')
ERROR - 2022-10-15 21:07:55 --> mysqli_sql_exception: Column 'isi_note' cannot be null in F:\WEB\XAMPP\htdocs\Personal-Web-CI4\system\Database\MySQLi\Connection.php:292
Stack trace:
#0 F:\WEB\XAMPP\htdocs\Personal-Web-CI4\system\Database\MySQLi\Connection.php(292): mysqli->query('INSERT INTO `no...', 0)
#1 F:\WEB\XAMPP\htdocs\Personal-Web-CI4\system\Database\BaseConnection.php(693): CodeIgniter\Database\MySQLi\Connection->execute('INSERT INTO `no...')
#2 F:\WEB\XAMPP\htdocs\Personal-Web-CI4\system\Database\BaseConnection.php(620): CodeIgniter\Database\BaseConnection->simpleQuery('INSERT INTO `no...')
#3 F:\WEB\XAMPP\htdocs\Personal-Web-CI4\system\Database\BaseBuilder.php(1916): CodeIgniter\Database\BaseConnection->query('INSERT INTO `no...', Array, false)
#4 F:\WEB\XAMPP\htdocs\Personal-Web-CI4\app\Models\NoteModel.php(33): CodeIgniter\Database\BaseBuilder->insert(Array)
#5 F:\WEB\XAMPP\htdocs\Personal-Web-CI4\app\Controllers\Note.php(66): App\Models\NoteModel->addNote(Array)
#6 F:\WEB\XAMPP\htdocs\Personal-Web-CI4\system\CodeIgniter.php(904): App\Controllers\Note->addNote()
#7 F:\WEB\XAMPP\htdocs\Personal-Web-CI4\system\CodeIgniter.php(457): CodeIgniter\CodeIgniter->runController(Object(App\Controllers\Note))
#8 F:\WEB\XAMPP\htdocs\Personal-Web-CI4\system\CodeIgniter.php(340): CodeIgniter\CodeIgniter->handleRequest(NULL, Object(Config\Cache), false)
#9 F:\WEB\XAMPP\htdocs\Personal-Web-CI4\public\index.php(67): CodeIgniter\CodeIgniter->run()
#10 F:\WEB\XAMPP\htdocs\Personal-Web-CI4\system\Commands\Server\rewrite.php(43): require_once('F:\\WEB\\XAMPP\\ht...')
#11 {main}
CRITICAL - 2022-10-15 21:07:55 --> Column 'isi_note' cannot be null
in SYSTEMPATH\Database\MySQLi\Connection.php on line 292.
 1 SYSTEMPATH\Database\MySQLi\Connection.php(292): mysqli->query('INSERT INTO `notes` (`judul_note`, `isi_note`, `created_at`) VALUES (\'uyjyu\', NULL, \'2022-10-15 21:07:55\')', 0)
 2 SYSTEMPATH\Database\BaseConnection.php(693): CodeIgniter\Database\MySQLi\Connection->execute('INSERT INTO `notes` (`judul_note`, `isi_note`, `created_at`) VALUES (\'uyjyu\', NULL, \'2022-10-15 21:07:55\')')
 3 SYSTEMPATH\Database\BaseConnection.php(620): CodeIgniter\Database\BaseConnection->simpleQuery('INSERT INTO `notes` (`judul_note`, `isi_note`, `created_at`) VALUES (\'uyjyu\', NULL, \'2022-10-15 21:07:55\')')
 4 SYSTEMPATH\Database\BaseBuilder.php(1916): CodeIgniter\Database\BaseConnection->query('INSERT INTO `notes` (`judul_note`, `isi_note`, `created_at`) VALUES (:judul_note:, :isi_note:, :created_at:)', [...], false)
 5 APPPATH\Models\NoteModel.php(33): CodeIgniter\Database\BaseBuilder->insert([...])
 6 APPPATH\Controllers\Note.php(66): App\Models\NoteModel->addNote([...])
 7 SYSTEMPATH\CodeIgniter.php(904): App\Controllers\Note->addNote()
 8 SYSTEMPATH\CodeIgniter.php(457): CodeIgniter\CodeIgniter->runController(Object(App\Controllers\Note))
 9 SYSTEMPATH\CodeIgniter.php(340): CodeIgniter\CodeIgniter->handleRequest(null, Object(Config\Cache), false)
10 FCPATH\index.php(67): CodeIgniter\CodeIgniter->run()
11 SYSTEMPATH\Commands\Server\rewrite.php(43): require_once('FCPATH\\index.php')
