CRITICAL - 2022-08-30 09:29:40 --> Undefined variable $baseURL
in APPPATH\Views\user\user.php on line 14.
 1 APPPATH\Views\user\user.php(14): CodeIgniter\Debug\Exceptions->errorHandler(2, 'Undefined variable $baseURL', 'APPPATH\\Views\\user\\user.php', 14)
 2 SYSTEMPATH\View\View.php(213): include('APPPATH\\Views\\user\\user.php')
 3 SYSTEMPATH\View\View.php(216): CodeIgniter\View\View->CodeIgniter\View\{closure}()
 4 SYSTEMPATH\Common.php(1137): CodeIgniter\View\View->render('user/user', [], true)
 5 APPPATH\Controllers\User.php(9): view('user/user')
 6 SYSTEMPATH\CodeIgniter.php(904): App\Controllers\User->index()
 7 SYSTEMPATH\CodeIgniter.php(457): CodeIgniter\CodeIgniter->runController(Object(App\Controllers\User))
 8 SYSTEMPATH\CodeIgniter.php(340): CodeIgniter\CodeIgniter->handleRequest(null, Object(Config\Cache), false)
 9 FCPATH\index.php(67): CodeIgniter\CodeIgniter->run()
10 SYSTEMPATH\Commands\Server\rewrite.php(43): require_once('FCPATH\\index.php')
CRITICAL - 2022-08-30 09:29:51 --> Undefined variable $baseUrl
in APPPATH\Views\user\user.php on line 14.
 1 APPPATH\Views\user\user.php(14): CodeIgniter\Debug\Exceptions->errorHandler(2, 'Undefined variable $baseUrl', 'APPPATH\\Views\\user\\user.php', 14)
 2 SYSTEMPATH\View\View.php(213): include('APPPATH\\Views\\user\\user.php')
 3 SYSTEMPATH\View\View.php(216): CodeIgniter\View\View->CodeIgniter\View\{closure}()
 4 SYSTEMPATH\Common.php(1137): CodeIgniter\View\View->render('user/user', [], true)
 5 APPPATH\Controllers\User.php(9): view('user/user')
 6 SYSTEMPATH\CodeIgniter.php(904): App\Controllers\User->index()
 7 SYSTEMPATH\CodeIgniter.php(457): CodeIgniter\CodeIgniter->runController(Object(App\Controllers\User))
 8 SYSTEMPATH\CodeIgniter.php(340): CodeIgniter\CodeIgniter->handleRequest(null, Object(Config\Cache), false)
 9 FCPATH\index.php(67): CodeIgniter\CodeIgniter->run()
10 SYSTEMPATH\Commands\Server\rewrite.php(43): require_once('FCPATH\\index.php')
CRITICAL - 2022-08-30 09:29:52 --> Undefined variable $baseUrl
in APPPATH\Views\user\user.php on line 14.
 1 APPPATH\Views\user\user.php(14): CodeIgniter\Debug\Exceptions->errorHandler(2, 'Undefined variable $baseUrl', 'APPPATH\\Views\\user\\user.php', 14)
 2 SYSTEMPATH\View\View.php(213): include('APPPATH\\Views\\user\\user.php')
 3 SYSTEMPATH\View\View.php(216): CodeIgniter\View\View->CodeIgniter\View\{closure}()
 4 SYSTEMPATH\Common.php(1137): CodeIgniter\View\View->render('user/user', [], true)
 5 APPPATH\Controllers\User.php(9): view('user/user')
 6 SYSTEMPATH\CodeIgniter.php(904): App\Controllers\User->index()
 7 SYSTEMPATH\CodeIgniter.php(457): CodeIgniter\CodeIgniter->runController(Object(App\Controllers\User))
 8 SYSTEMPATH\CodeIgniter.php(340): CodeIgniter\CodeIgniter->handleRequest(null, Object(Config\Cache), false)
 9 FCPATH\index.php(67): CodeIgniter\CodeIgniter->run()
10 SYSTEMPATH\Commands\Server\rewrite.php(43): require_once('FCPATH\\index.php')
CRITICAL - 2022-08-30 09:29:53 --> Undefined variable $baseUrl
in APPPATH\Views\user\user.php on line 14.
 1 APPPATH\Views\user\user.php(14): CodeIgniter\Debug\Exceptions->errorHandler(2, 'Undefined variable $baseUrl', 'APPPATH\\Views\\user\\user.php', 14)
 2 SYSTEMPATH\View\View.php(213): include('APPPATH\\Views\\user\\user.php')
 3 SYSTEMPATH\View\View.php(216): CodeIgniter\View\View->CodeIgniter\View\{closure}()
 4 SYSTEMPATH\Common.php(1137): CodeIgniter\View\View->render('user/user', [], true)
 5 APPPATH\Controllers\User.php(9): view('user/user')
 6 SYSTEMPATH\CodeIgniter.php(904): App\Controllers\User->index()
 7 SYSTEMPATH\CodeIgniter.php(457): CodeIgniter\CodeIgniter->runController(Object(App\Controllers\User))
 8 SYSTEMPATH\CodeIgniter.php(340): CodeIgniter\CodeIgniter->handleRequest(null, Object(Config\Cache), false)
 9 FCPATH\index.php(67): CodeIgniter\CodeIgniter->run()
10 SYSTEMPATH\Commands\Server\rewrite.php(43): require_once('FCPATH\\index.php')
CRITICAL - 2022-08-30 09:39:04 --> Call to undefined function logged_in()
in APPPATH\Views\indexHome.php on line 61.
 1 SYSTEMPATH\View\View.php(213): include()
 2 SYSTEMPATH\View\View.php(216): CodeIgniter\View\View->CodeIgniter\View\{closure}()
 3 SYSTEMPATH\Common.php(1137): CodeIgniter\View\View->render('indexHome', [], true)
 4 APPPATH\Controllers\Home.php(9): view('indexHome')
 5 SYSTEMPATH\CodeIgniter.php(904): App\Controllers\Home->index()
 6 SYSTEMPATH\CodeIgniter.php(457): CodeIgniter\CodeIgniter->runController(Object(App\Controllers\Home))
 7 SYSTEMPATH\CodeIgniter.php(340): CodeIgniter\CodeIgniter->handleRequest(null, Object(Config\Cache), false)
 8 FCPATH\index.php(67): CodeIgniter\CodeIgniter->run()
 9 SYSTEMPATH\Commands\Server\rewrite.php(43): require_once('FCPATH\\index.php')
CRITICAL - 2022-08-30 09:39:21 --> Call to undefined function logged_in()
in APPPATH\Views\indexHome.php on line 61.
 1 SYSTEMPATH\View\View.php(213): include()
 2 SYSTEMPATH\View\View.php(216): CodeIgniter\View\View->CodeIgniter\View\{closure}()
 3 SYSTEMPATH\Common.php(1137): CodeIgniter\View\View->render('indexHome', [], true)
 4 APPPATH\Controllers\Home.php(9): view('indexHome')
 5 SYSTEMPATH\CodeIgniter.php(904): App\Controllers\Home->index()
 6 SYSTEMPATH\CodeIgniter.php(457): CodeIgniter\CodeIgniter->runController(Object(App\Controllers\Home))
 7 SYSTEMPATH\CodeIgniter.php(340): CodeIgniter\CodeIgniter->handleRequest(null, Object(Config\Cache), false)
 8 FCPATH\index.php(67): CodeIgniter\CodeIgniter->run()
 9 SYSTEMPATH\Commands\Server\rewrite.php(43): require_once('FCPATH\\index.php')
CRITICAL - 2022-08-30 09:39:46 --> Call to undefined function logged_in()
in APPPATH\Views\indexHome.php on line 61.
 1 SYSTEMPATH\View\View.php(213): include()
 2 SYSTEMPATH\View\View.php(216): CodeIgniter\View\View->CodeIgniter\View\{closure}()
 3 SYSTEMPATH\Common.php(1137): CodeIgniter\View\View->render('indexHome', [], true)
 4 APPPATH\Controllers\Home.php(9): view('indexHome')
 5 SYSTEMPATH\CodeIgniter.php(904): App\Controllers\Home->index()
 6 SYSTEMPATH\CodeIgniter.php(457): CodeIgniter\CodeIgniter->runController(Object(App\Controllers\Home))
 7 SYSTEMPATH\CodeIgniter.php(340): CodeIgniter\CodeIgniter->handleRequest(null, Object(Config\Cache), false)
 8 FCPATH\index.php(67): CodeIgniter\CodeIgniter->run()
 9 SYSTEMPATH\Commands\Server\rewrite.php(43): require_once('FCPATH\\index.php')
CRITICAL - 2022-08-30 10:01:24 --> Invalid file: templateAdmin/templateAdmin/index.php
in SYSTEMPATH\Exceptions\FrameworkException.php on line 33.
 1 SYSTEMPATH\View\View.php(201): CodeIgniter\Exceptions\FrameworkException::forInvalidFile('templateAdmin/templateAdmin/index.php')
 2 SYSTEMPATH\View\View.php(229): CodeIgniter\View\View->render('templateAdmin/templateAdmin/index', [], true)
 3 SYSTEMPATH\Common.php(1137): CodeIgniter\View\View->render('user/user', [], true)
 4 APPPATH\Controllers\User.php(13): view('user/user', [...])
 5 SYSTEMPATH\CodeIgniter.php(904): App\Controllers\User->index()
 6 SYSTEMPATH\CodeIgniter.php(457): CodeIgniter\CodeIgniter->runController(Object(App\Controllers\User))
 7 SYSTEMPATH\CodeIgniter.php(340): CodeIgniter\CodeIgniter->handleRequest(null, Object(Config\Cache), false)
 8 FCPATH\index.php(67): CodeIgniter\CodeIgniter->run()
 9 SYSTEMPATH\Commands\Server\rewrite.php(43): require_once('FCPATH\\index.php')
CRITICAL - 2022-08-30 10:01:52 --> Invalid file: templateAdmin/templateAdmin/sidebar.php
in SYSTEMPATH\Exceptions\FrameworkException.php on line 33.
 1 SYSTEMPATH\View\View.php(201): CodeIgniter\Exceptions\FrameworkException::forInvalidFile('templateAdmin/templateAdmin/sidebar.php')
 2 SYSTEMPATH\View\View.php(429): CodeIgniter\View\View->render('templateAdmin/templateAdmin/sidebar', null, true)
 3 APPPATH\Views\_Layout\templateAdmin\templateAdmin.php(25): CodeIgniter\View\View->include('templateAdmin/templateAdmin/sidebar')
 4 SYSTEMPATH\View\View.php(213): include('APPPATH\\Views\\_Layout\\templateAdmin\\templateAdmin.php')
 5 SYSTEMPATH\View\View.php(216): CodeIgniter\View\View->CodeIgniter\View\{closure}()
 6 SYSTEMPATH\View\View.php(229): CodeIgniter\View\View->render('_Layout/templateAdmin/templateAdmin', [], true)
 7 SYSTEMPATH\Common.php(1137): CodeIgniter\View\View->render('user/user', [], true)
 8 APPPATH\Controllers\User.php(13): view('user/user', [...])
 9 SYSTEMPATH\CodeIgniter.php(904): App\Controllers\User->index()
10 SYSTEMPATH\CodeIgniter.php(457): CodeIgniter\CodeIgniter->runController(Object(App\Controllers\User))
11 SYSTEMPATH\CodeIgniter.php(340): CodeIgniter\CodeIgniter->handleRequest(null, Object(Config\Cache), false)
12 FCPATH\index.php(67): CodeIgniter\CodeIgniter->run()
13 SYSTEMPATH\Commands\Server\rewrite.php(43): require_once('FCPATH\\index.php')
CRITICAL - 2022-08-30 10:02:08 --> Invalid file: _Layout/templateAdmin/templateAdmin/sidebar.php
in SYSTEMPATH\Exceptions\FrameworkException.php on line 33.
 1 SYSTEMPATH\View\View.php(201): CodeIgniter\Exceptions\FrameworkException::forInvalidFile('_Layout/templateAdmin/templateAdmin/sidebar.php')
 2 SYSTEMPATH\View\View.php(429): CodeIgniter\View\View->render('_Layout/templateAdmin/templateAdmin/sidebar', null, true)
 3 APPPATH\Views\_Layout\templateAdmin\templateAdmin.php(25): CodeIgniter\View\View->include('_Layout/templateAdmin/templateAdmin/sidebar')
 4 SYSTEMPATH\View\View.php(213): include('APPPATH\\Views\\_Layout\\templateAdmin\\templateAdmin.php')
 5 SYSTEMPATH\View\View.php(216): CodeIgniter\View\View->CodeIgniter\View\{closure}()
 6 SYSTEMPATH\View\View.php(229): CodeIgniter\View\View->render('_Layout/templateAdmin/templateAdmin', [], true)
 7 SYSTEMPATH\Common.php(1137): CodeIgniter\View\View->render('user/user', [], true)
 8 APPPATH\Controllers\User.php(13): view('user/user', [...])
 9 SYSTEMPATH\CodeIgniter.php(904): App\Controllers\User->index()
10 SYSTEMPATH\CodeIgniter.php(457): CodeIgniter\CodeIgniter->runController(Object(App\Controllers\User))
11 SYSTEMPATH\CodeIgniter.php(340): CodeIgniter\CodeIgniter->handleRequest(null, Object(Config\Cache), false)
12 FCPATH\index.php(67): CodeIgniter\CodeIgniter->run()
13 SYSTEMPATH\Commands\Server\rewrite.php(43): require_once('FCPATH\\index.php')
CRITICAL - 2022-08-30 10:02:15 --> Invalid file: templateAdmin/templateAdmin/footer.php
in SYSTEMPATH\Exceptions\FrameworkException.php on line 33.
 1 SYSTEMPATH\View\View.php(201): CodeIgniter\Exceptions\FrameworkException::forInvalidFile('templateAdmin/templateAdmin/footer.php')
 2 SYSTEMPATH\View\View.php(429): CodeIgniter\View\View->render('templateAdmin/templateAdmin/footer', null, true)
 3 APPPATH\Views\_Layout\templateAdmin\templateAdmin.php(37): CodeIgniter\View\View->include('templateAdmin/templateAdmin/footer')
 4 SYSTEMPATH\View\View.php(213): include('APPPATH\\Views\\_Layout\\templateAdmin\\templateAdmin.php')
 5 SYSTEMPATH\View\View.php(216): CodeIgniter\View\View->CodeIgniter\View\{closure}()
 6 SYSTEMPATH\View\View.php(229): CodeIgniter\View\View->render('_Layout/templateAdmin/templateAdmin', [], true)
 7 SYSTEMPATH\Common.php(1137): CodeIgniter\View\View->render('user/user', [], true)
 8 APPPATH\Controllers\User.php(13): view('user/user', [...])
 9 SYSTEMPATH\CodeIgniter.php(904): App\Controllers\User->index()
10 SYSTEMPATH\CodeIgniter.php(457): CodeIgniter\CodeIgniter->runController(Object(App\Controllers\User))
11 SYSTEMPATH\CodeIgniter.php(340): CodeIgniter\CodeIgniter->handleRequest(null, Object(Config\Cache), false)
12 FCPATH\index.php(67): CodeIgniter\CodeIgniter->run()
13 SYSTEMPATH\Commands\Server\rewrite.php(43): require_once('FCPATH\\index.php')
CRITICAL - 2022-08-30 10:44:32 --> Undefined variable $pesan
in APPPATH\Views\pesan\indexPesan.php on line 41.
 1 APPPATH\Views\pesan\indexPesan.php(41): CodeIgniter\Debug\Exceptions->errorHandler(2, 'Undefined variable $pesan', 'APPPATH\\Views\\pesan\\indexPesan.php', 41)
 2 SYSTEMPATH\View\View.php(213): include('APPPATH\\Views\\pesan\\indexPesan.php')
 3 SYSTEMPATH\View\View.php(216): CodeIgniter\View\View->CodeIgniter\View\{closure}()
 4 SYSTEMPATH\Common.php(1137): CodeIgniter\View\View->render('pesan/indexPesan', [], true)
 5 APPPATH\Controllers\Message.php(17): view('pesan/indexPesan', [...])
 6 SYSTEMPATH\CodeIgniter.php(904): App\Controllers\Message->index()
 7 SYSTEMPATH\CodeIgniter.php(457): CodeIgniter\CodeIgniter->runController(Object(App\Controllers\Message))
 8 SYSTEMPATH\CodeIgniter.php(340): CodeIgniter\CodeIgniter->handleRequest(null, Object(Config\Cache), false)
 9 FCPATH\index.php(67): CodeIgniter\CodeIgniter->run()
10 SYSTEMPATH\Commands\Server\rewrite.php(43): require_once('FCPATH\\index.php')
CRITICAL - 2022-08-30 10:45:46 --> Undefined variable $pesan
in APPPATH\Views\pesan\indexPesan.php on line 41.
 1 APPPATH\Views\pesan\indexPesan.php(41): CodeIgniter\Debug\Exceptions->errorHandler(2, 'Undefined variable $pesan', 'APPPATH\\Views\\pesan\\indexPesan.php', 41)
 2 SYSTEMPATH\View\View.php(213): include('APPPATH\\Views\\pesan\\indexPesan.php')
 3 SYSTEMPATH\View\View.php(216): CodeIgniter\View\View->CodeIgniter\View\{closure}()
 4 SYSTEMPATH\Common.php(1137): CodeIgniter\View\View->render('pesan/indexPesan', [], true)
 5 APPPATH\Controllers\Message.php(17): view('pesan/indexPesan', [...])
 6 SYSTEMPATH\CodeIgniter.php(904): App\Controllers\Message->index()
 7 SYSTEMPATH\CodeIgniter.php(457): CodeIgniter\CodeIgniter->runController(Object(App\Controllers\Message))
 8 SYSTEMPATH\CodeIgniter.php(340): CodeIgniter\CodeIgniter->handleRequest(null, Object(Config\Cache), false)
 9 FCPATH\index.php(67): CodeIgniter\CodeIgniter->run()
10 SYSTEMPATH\Commands\Server\rewrite.php(43): require_once('FCPATH\\index.php')
CRITICAL - 2022-08-30 10:45:48 --> Undefined variable $pesan
in APPPATH\Views\pesan\indexPesan.php on line 41.
 1 APPPATH\Views\pesan\indexPesan.php(41): CodeIgniter\Debug\Exceptions->errorHandler(2, 'Undefined variable $pesan', 'APPPATH\\Views\\pesan\\indexPesan.php', 41)
 2 SYSTEMPATH\View\View.php(213): include('APPPATH\\Views\\pesan\\indexPesan.php')
 3 SYSTEMPATH\View\View.php(216): CodeIgniter\View\View->CodeIgniter\View\{closure}()
 4 SYSTEMPATH\Common.php(1137): CodeIgniter\View\View->render('pesan/indexPesan', [], true)
 5 APPPATH\Controllers\Message.php(17): view('pesan/indexPesan', [...])
 6 SYSTEMPATH\CodeIgniter.php(904): App\Controllers\Message->index()
 7 SYSTEMPATH\CodeIgniter.php(457): CodeIgniter\CodeIgniter->runController(Object(App\Controllers\Message))
 8 SYSTEMPATH\CodeIgniter.php(340): CodeIgniter\CodeIgniter->handleRequest(null, Object(Config\Cache), false)
 9 FCPATH\index.php(67): CodeIgniter\CodeIgniter->run()
10 SYSTEMPATH\Commands\Server\rewrite.php(43): require_once('FCPATH\\index.php')
CRITICAL - 2022-08-30 10:45:49 --> Undefined variable $pesan
in APPPATH\Views\pesan\indexPesan.php on line 41.
 1 APPPATH\Views\pesan\indexPesan.php(41): CodeIgniter\Debug\Exceptions->errorHandler(2, 'Undefined variable $pesan', 'APPPATH\\Views\\pesan\\indexPesan.php', 41)
 2 SYSTEMPATH\View\View.php(213): include('APPPATH\\Views\\pesan\\indexPesan.php')
 3 SYSTEMPATH\View\View.php(216): CodeIgniter\View\View->CodeIgniter\View\{closure}()
 4 SYSTEMPATH\Common.php(1137): CodeIgniter\View\View->render('pesan/indexPesan', [], true)
 5 APPPATH\Controllers\Message.php(17): view('pesan/indexPesan', [...])
 6 SYSTEMPATH\CodeIgniter.php(904): App\Controllers\Message->index()
 7 SYSTEMPATH\CodeIgniter.php(457): CodeIgniter\CodeIgniter->runController(Object(App\Controllers\Message))
 8 SYSTEMPATH\CodeIgniter.php(340): CodeIgniter\CodeIgniter->handleRequest(null, Object(Config\Cache), false)
 9 FCPATH\index.php(67): CodeIgniter\CodeIgniter->run()
10 SYSTEMPATH\Commands\Server\rewrite.php(43): require_once('FCPATH\\index.php')
CRITICAL - 2022-08-30 10:47:30 --> Undefined variable $AL
in APPPATH\Views\pesan\indexPesan.php on line 48.
 1 APPPATH\Views\pesan\indexPesan.php(48): CodeIgniter\Debug\Exceptions->errorHandler(2, 'Undefined variable $AL', 'APPPATH\\Views\\pesan\\indexPesan.php', 48)
 2 SYSTEMPATH\View\View.php(213): include('APPPATH\\Views\\pesan\\indexPesan.php')
 3 SYSTEMPATH\View\View.php(216): CodeIgniter\View\View->CodeIgniter\View\{closure}()
 4 SYSTEMPATH\Common.php(1137): CodeIgniter\View\View->render('pesan/indexPesan', [], true)
 5 APPPATH\Controllers\Message.php(17): view('pesan/indexPesan', [...])
 6 SYSTEMPATH\CodeIgniter.php(904): App\Controllers\Message->index()
 7 SYSTEMPATH\CodeIgniter.php(457): CodeIgniter\CodeIgniter->runController(Object(App\Controllers\Message))
 8 SYSTEMPATH\CodeIgniter.php(340): CodeIgniter\CodeIgniter->handleRequest(null, Object(Config\Cache), false)
 9 FCPATH\index.php(67): CodeIgniter\CodeIgniter->run()
10 SYSTEMPATH\Commands\Server\rewrite.php(43): require_once('FCPATH\\index.php')
